<?xml version="1.0" encoding="UTF-8"?>
<!-- Generated by org.testng.reporters.JUnitReportReporter -->
<testsuite skipped="1" hostname="LAPTOP-B7LV3DMK" name="com.bitm.SeleniumMaven.Test.FlightBookingTest" tests="2" failures="0" timestamp="2020-03-07T18:01:01 BDT" time="0.086" errors="0">
  <testcase name="checkFlightBookingPageTitle" time="0.086" classname="com.bitm.SeleniumMaven.Test.FlightBookingTest"/>
  <testcase name="FlightbookingTest" time="0.000" classname="com.bitm.SeleniumMaven.Test.FlightBookingTest">
    <skipped/>
  </testcase> <!-- FlightbookingTest -->
</testsuite> <!-- com.bitm.SeleniumMaven.Test.FlightBookingTest -->
