<?xml version="1.0" encoding="UTF-8"?>
<!-- Generated by org.testng.reporters.JUnitReportReporter -->
<testsuite skipped="0" hostname="LAPTOP-B7LV3DMK" name="com.bitm.SeleniumMaven.Test.FlightFinderTest" tests="2" failures="0" timestamp="2020-03-07T18:01:01 BDT" time="2.282" errors="0">
  <testcase name="checkFlightFinderPageTitle" time="0.547" classname="com.bitm.SeleniumMaven.Test.FlightFinderTest"/>
  <testcase name="FindAFlightTest" time="1.735" classname="com.bitm.SeleniumMaven.Test.FlightFinderTest"/>
</testsuite> <!-- com.bitm.SeleniumMaven.Test.FlightFinderTest -->
