<?xml version="1.0" encoding="UTF-8"?>
<!-- Generated by org.testng.reporters.JUnitReportReporter -->
<testsuite skipped="0" hostname="LAPTOP-B7LV3DMK" name="com.bitm.SeleniumMaven.Test.LoginTest" tests="2" failures="0" timestamp="2020-03-07T18:01:01 BDT" time="15.253" errors="0">
  <testcase name="logintest" time="6.513" classname="com.bitm.SeleniumMaven.Test.LoginTest"/>
  <testcase name="checkloginpagetitle" time="8.740" classname="com.bitm.SeleniumMaven.Test.LoginTest"/>
</testsuite> <!-- com.bitm.SeleniumMaven.Test.LoginTest -->
