<?xml version="1.0" encoding="UTF-8"?>
<!-- Generated by org.testng.reporters.JUnitReportReporter -->
<testsuite skipped="0" hostname="LAPTOP-B7LV3DMK" name="com.bitm.SeleniumMaven.Test.FlightSelectionTest" tests="2" failures="0" timestamp="2020-03-07T18:01:01 BDT" time="1.692" errors="0">
  <testcase name="checkFlightSelectionPageTitle" time="0.066" classname="com.bitm.SeleniumMaven.Test.FlightSelectionTest"/>
  <testcase name="FlightSelectionTest" time="1.626" classname="com.bitm.SeleniumMaven.Test.FlightSelectionTest"/>
</testsuite> <!-- com.bitm.SeleniumMaven.Test.FlightSelectionTest -->
