<?xml version="1.0" encoding="UTF-8"?>
<!-- Generated by org.testng.reporters.JUnitReportReporter -->
<testsuite skipped="0" hostname="LAPTOP-B7LV3DMK" name="com.bitm.SeleniumMaven.Test.LoginTest" tests="2" failures="0" timestamp="2020-03-07T02:03:45 BDT" time="14.390" errors="0">
  <testcase name="logintest" time="5.348" classname="com.bitm.SeleniumMaven.Test.LoginTest"/>
  <testcase name="checkloginpagetitle" time="9.042" classname="com.bitm.SeleniumMaven.Test.LoginTest"/>
</testsuite> <!-- com.bitm.SeleniumMaven.Test.LoginTest -->
